<?xml version="1.0" encoding="UTF-8"?>
<!-- Generated by org.testng.reporters.JUnitReportReporter -->
<testsuite skipped="0" hostname="DESKTOP-1QIO4VG" name="FrameworkBase.BaseClass" tests="1" failures="0" timestamp="10 Jun 2020 13:27:29 GMT" time="36.558" errors="0">
  <testcase name="launch" time="36.558" classname="FrameworkBase.BaseClass"/>
</testsuite> <!-- FrameworkBase.BaseClass -->
